2015-03-03 11:36:13.068 Codo[1737:82693] DiskCookieStorage changing policy from 2 to 0, cookie file: file:///Users/xiaoshan/Library/Developer/CoreSimulator/Devices/6E489A7A-847B-4C5D-9A88-636DCBBE42B7/data/Containers/Data/Application/E25ABDED-CCDD-4F1C-A7D5-DC1DCD460984/Library/Cookies/Cookies.binarycookies
2015-03-03 11:36:13.366 Codo[1737:82693] Apache Cordova native platform version 3.8.0 is starting.
2015-03-03 11:36:13.367 Codo[1737:82693] Multi-tasking -> Device: YES, App: YES
2015-03-03 11:36:13.379 Codo[1737:82693] Unlimited access to network resources
2015-03-03 11:36:13.390 Codo[1737:82693] 

Started backup to iCloud! Please be careful.
Your application might be rejected by Apple if you store too much data.
For more information please read "iOS Data Storage Guidelines" at:
https://developer.apple.com/icloud/documentation/data-storage/
To disable web storage backup to iCloud, set the BackupWebStorage preference to "local" in the Cordova config.xml file

2015-03-03 11:36:14.164 Codo[1737:82693] [CDVTimer][splashscreen] 155.195951ms
2015-03-03 11:36:14.169 Codo[1737:82693] [CDVTimer][statusbar] 5.177021ms
2015-03-03 11:36:14.170 Codo[1737:82693] [CDVTimer][TotalPluginStartup] 160.701990ms
2015-03-03 11:36:15.176 Codo[1737:82693] Resetting plugins due to page load.
2015-03-03 11:36:15.440 Codo[1737:82693] Finished load of: file:///Users/xiaoshan/Library/Developer/CoreSimulator/Devices/6E489A7A-847B-4C5D-9A88-636DCBBE42B7/data/Containers/Bundle/Application/DB3E1AE1-076A-42EE-B3A8-CB63F5DE9406/Codo.app/www/index.html
2015-03-03 11:36:22.257 Codo[1737:82693] Camera.getPicture: source type 1 not available.
2015-03-03 15:28:00.920 Codo[2974:212224] DiskCookieStorage changing policy from 2 to 0, cookie file: file:///Users/xiaoshan/Library/Developer/CoreSimulator/Devices/6E489A7A-847B-4C5D-9A88-636DCBBE42B7/data/Containers/Data/Application/0965E392-9D2F-40F5-B1A3-E847190B7C78/Library/Cookies/Cookies.binarycookies
2015-03-03 15:28:01.262 Codo[2974:212224] Apache Cordova native platform version 3.8.0 is starting.
2015-03-03 15:28:01.263 Codo[2974:212224] Multi-tasking -> Device: YES, App: YES
2015-03-03 15:28:01.272 Codo[2974:212224] Unlimited access to network resources
2015-03-03 15:28:01.283 Codo[2974:212224] 

Started backup to iCloud! Please be careful.
Your application might be rejected by Apple if you store too much data.
For more information please read "iOS Data Storage Guidelines" at:
https://developer.apple.com/icloud/documentation/data-storage/
To disable web storage backup to iCloud, set the BackupWebStorage preference to "local" in the Cordova config.xml file

2015-03-03 15:28:02.176 Codo[2974:212224] [CDVTimer][splashscreen] 124.666035ms
2015-03-03 15:28:02.182 Codo[2974:212224] [CDVTimer][statusbar] 5.297005ms
2015-03-03 15:28:02.182 Codo[2974:212224] [CDVTimer][TotalPluginStartup] 130.297959ms
2015-03-03 15:28:02.302 Codo[2974:212224] Resetting plugins due to page load.
2015-03-03 15:28:02.604 Codo[2974:212224] Finished load of: file:///Users/xiaoshan/Library/Developer/CoreSimulator/Devices/6E489A7A-847B-4C5D-9A88-636DCBBE42B7/data/Containers/Bundle/Application/FB6E0945-35F7-4CED-B323-4B69A95535C1/Codo.app/www/index.html
2015-03-03 15:28:07.237 Codo[2974:212224] Camera.getPicture: source type 1 not available.
2015-03-03 15:30:26.435 Codo[3162:214816] DiskCookieStorage changing policy from 2 to 0, cookie file: file:///Users/xiaoshan/Library/Developer/CoreSimulator/Devices/6E489A7A-847B-4C5D-9A88-636DCBBE42B7/data/Containers/Data/Application/8370AC5B-2EBA-4488-A151-4C20F4DEED8C/Library/Cookies/Cookies.binarycookies
2015-03-03 15:30:26.743 Codo[3162:214816] Apache Cordova native platform version 3.8.0 is starting.
2015-03-03 15:30:26.743 Codo[3162:214816] Multi-tasking -> Device: YES, App: YES
2015-03-03 15:30:26.745 Codo[3162:214816] Unlimited access to network resources
2015-03-03 15:30:26.756 Codo[3162:214816] 

Started backup to iCloud! Please be careful.
Your application might be rejected by Apple if you store too much data.
For more information please read "iOS Data Storage Guidelines" at:
https://developer.apple.com/icloud/documentation/data-storage/
To disable web storage backup to iCloud, set the BackupWebStorage preference to "local" in the Cordova config.xml file

2015-03-03 15:30:27.630 Codo[3162:214816] [CDVTimer][splashscreen] 105.319977ms
2015-03-03 15:30:27.635 Codo[3162:214816] [CDVTimer][statusbar] 5.524993ms
2015-03-03 15:30:27.636 Codo[3162:214816] [CDVTimer][TotalPluginStartup] 111.247957ms
2015-03-03 15:30:27.743 Codo[3162:214816] Resetting plugins due to page load.
2015-03-03 15:30:27.987 Codo[3162:214816] Finished load of: file:///Users/xiaoshan/Library/Developer/CoreSimulator/Devices/6E489A7A-847B-4C5D-9A88-636DCBBE42B7/data/Containers/Bundle/Application/B06D1BBD-EB9E-45EF-9A34-458F51006027/Codo.app/www/index.html
2015-03-03 15:59:16.218 Codo[3614:231840] DiskCookieStorage changing policy from 2 to 0, cookie file: file:///Users/xiaoshan/Library/Developer/CoreSimulator/Devices/6E489A7A-847B-4C5D-9A88-636DCBBE42B7/data/Containers/Data/Application/5BED0484-4950-43CD-A41E-B77EA70C69A7/Library/Cookies/Cookies.binarycookies
2015-03-03 15:59:16.355 Codo[3614:231840] Apache Cordova native platform version 3.8.0 is starting.
2015-03-03 15:59:16.355 Codo[3614:231840] Multi-tasking -> Device: YES, App: YES
2015-03-03 15:59:16.358 Codo[3614:231840] Unlimited access to network resources
2015-03-03 15:59:16.363 Codo[3614:231840] 

Started backup to iCloud! Please be careful.
Your application might be rejected by Apple if you store too much data.
For more information please read "iOS Data Storage Guidelines" at:
https://developer.apple.com/icloud/documentation/data-storage/
To disable web storage backup to iCloud, set the BackupWebStorage preference to "local" in the Cordova config.xml file

2015-03-03 15:59:16.771 Codo[3614:231840] [CDVTimer][splashscreen] 60.434997ms
2015-03-03 15:59:16.780 Codo[3614:231840] [CDVTimer][statusbar] 8.935034ms
2015-03-03 15:59:16.780 Codo[3614:231840] [CDVTimer][TotalPluginStartup] 69.819033ms
2015-03-03 15:59:16.882 Codo[3614:231840] Resetting plugins due to page load.
2015-03-03 15:59:17.098 Codo[3614:231840] Finished load of: file:///Users/xiaoshan/Library/Developer/CoreSimulator/Devices/6E489A7A-847B-4C5D-9A88-636DCBBE42B7/data/Containers/Bundle/Application/3FA4A007-00D8-48A0-83DA-FD7C1837C0CE/Codo.app/www/index.html
2015-03-03 16:47:30.467 Codo[4122:265468] DiskCookieStorage changing policy from 2 to 0, cookie file: file:///Users/xiaoshan/Library/Developer/CoreSimulator/Devices/6E489A7A-847B-4C5D-9A88-636DCBBE42B7/data/Containers/Data/Application/18CE6F7D-F83C-4748-A511-ACAC1EC1A6C2/Library/Cookies/Cookies.binarycookies
2015-03-03 16:47:30.851 Codo[4122:265468] Apache Cordova native platform version 3.8.0 is starting.
2015-03-03 16:47:30.852 Codo[4122:265468] Multi-tasking -> Device: YES, App: YES
2015-03-03 16:47:30.858 Codo[4122:265468] Unlimited access to network resources
2015-03-03 16:47:30.869 Codo[4122:265468] 

Started backup to iCloud! Please be careful.
Your application might be rejected by Apple if you store too much data.
For more information please read "iOS Data Storage Guidelines" at:
https://developer.apple.com/icloud/documentation/data-storage/
To disable web storage backup to iCloud, set the BackupWebStorage preference to "local" in the Cordova config.xml file

2015-03-03 16:47:31.773 Codo[4122:265468] [CDVTimer][splashscreen] 133.216023ms
2015-03-03 16:47:31.779 Codo[4122:265468] [CDVTimer][statusbar] 5.227029ms
2015-03-03 16:47:31.779 Codo[4122:265468] [CDVTimer][TotalPluginStartup] 138.768017ms
2015-03-03 16:47:31.902 Codo[4122:265468] Resetting plugins due to page load.
2015-03-03 16:47:32.425 Codo[4122:265468] Finished load of: file:///Users/xiaoshan/Library/Developer/CoreSimulator/Devices/6E489A7A-847B-4C5D-9A88-636DCBBE42B7/data/Containers/Bundle/Application/711F4035-F409-4AF5-B0B4-C2AD1703E909/Codo.app/www/index.html
2015-03-03 17:09:13.487 Codo[4337:276802] DiskCookieStorage changing policy from 2 to 0, cookie file: file:///Users/xiaoshan/Library/Developer/CoreSimulator/Devices/6E489A7A-847B-4C5D-9A88-636DCBBE42B7/data/Containers/Data/Application/84425A51-AD80-4FB6-A0C3-4E51D418E8A7/Library/Cookies/Cookies.binarycookies
2015-03-03 17:09:13.826 Codo[4337:276802] Apache Cordova native platform version 3.8.0 is starting.
2015-03-03 17:09:13.826 Codo[4337:276802] Multi-tasking -> Device: YES, App: YES
2015-03-03 17:09:13.832 Codo[4337:276802] Unlimited access to network resources
2015-03-03 17:09:13.842 Codo[4337:276802] 

Started backup to iCloud! Please be careful.
Your application might be rejected by Apple if you store too much data.
For more information please read "iOS Data Storage Guidelines" at:
https://developer.apple.com/icloud/documentation/data-storage/
To disable web storage backup to iCloud, set the BackupWebStorage preference to "local" in the Cordova config.xml file

2015-03-03 17:09:14.698 Codo[4337:276802] [CDVTimer][splashscreen] 115.327001ms
2015-03-03 17:09:14.703 Codo[4337:276802] [CDVTimer][statusbar] 4.565954ms
2015-03-03 17:09:14.703 Codo[4337:276802] [CDVTimer][TotalPluginStartup] 120.230019ms
2015-03-03 17:09:14.817 Codo[4337:276802] Resetting plugins due to page load.
2015-03-03 17:09:15.315 Codo[4337:276802] Finished load of: file:///Users/xiaoshan/Library/Developer/CoreSimulator/Devices/6E489A7A-847B-4C5D-9A88-636DCBBE42B7/data/Containers/Bundle/Application/EEDB18F7-221F-4D5C-9944-67D7E3E32A57/Codo.app/www/index.html
2015-03-03 17:14:22.136 Codo[4494:280966] DiskCookieStorage changing policy from 2 to 0, cookie file: file:///Users/xiaoshan/Library/Developer/CoreSimulator/Devices/6E489A7A-847B-4C5D-9A88-636DCBBE42B7/data/Containers/Data/Application/AC9AB763-592C-447E-84FA-19A801526B7A/Library/Cookies/Cookies.binarycookies
2015-03-03 17:14:22.282 Codo[4494:280966] Apache Cordova native platform version 3.8.0 is starting.
2015-03-03 17:14:22.283 Codo[4494:280966] Multi-tasking -> Device: YES, App: YES
2015-03-03 17:14:22.284 Codo[4494:280966] Unlimited access to network resources
2015-03-03 17:14:22.288 Codo[4494:280966] 

Started backup to iCloud! Please be careful.
Your application might be rejected by Apple if you store too much data.
For more information please read "iOS Data Storage Guidelines" at:
https://developer.apple.com/icloud/documentation/data-storage/
To disable web storage backup to iCloud, set the BackupWebStorage preference to "local" in the Cordova config.xml file

2015-03-03 17:14:22.634 Codo[4494:280966] [CDVTimer][splashscreen] 44.165015ms
2015-03-03 17:14:22.640 Codo[4494:280966] [CDVTimer][statusbar] 5.825996ms
2015-03-03 17:14:22.641 Codo[4494:280966] [CDVTimer][TotalPluginStartup] 50.401032ms
2015-03-03 17:14:22.764 Codo[4494:280966] Resetting plugins due to page load.
2015-03-03 17:14:22.944 Codo[4494:280966] Finished load of: file:///Users/xiaoshan/Library/Developer/CoreSimulator/Devices/6E489A7A-847B-4C5D-9A88-636DCBBE42B7/data/Containers/Bundle/Application/499DFDEC-7BCE-4008-936D-B2CBFB9A27C6/Codo.app/www/index.html
2015-03-03 17:18:32.624 Codo[4739:284949] DiskCookieStorage changing policy from 2 to 0, cookie file: file:///Users/xiaoshan/Library/Developer/CoreSimulator/Devices/6E489A7A-847B-4C5D-9A88-636DCBBE42B7/data/Containers/Data/Application/7B447E59-1360-4822-98E3-3977F8CF9902/Library/Cookies/Cookies.binarycookies
2015-03-03 17:18:32.855 Codo[4739:284949] Apache Cordova native platform version 3.8.0 is starting.
2015-03-03 17:18:32.855 Codo[4739:284949] Multi-tasking -> Device: YES, App: YES
2015-03-03 17:18:32.867 Codo[4739:284949] Unlimited access to network resources
2015-03-03 17:18:32.871 Codo[4739:284949] 

Started backup to iCloud! Please be careful.
Your application might be rejected by Apple if you store too much data.
For more information please read "iOS Data Storage Guidelines" at:
https://developer.apple.com/icloud/documentation/data-storage/
To disable web storage backup to iCloud, set the BackupWebStorage preference to "local" in the Cordova config.xml file

2015-03-03 17:18:33.256 Codo[4739:284949] [CDVTimer][splashscreen] 35.953999ms
2015-03-03 17:18:33.262 Codo[4739:284949] [CDVTimer][statusbar] 5.566001ms
2015-03-03 17:18:33.262 Codo[4739:284949] [CDVTimer][TotalPluginStartup] 41.877031ms
2015-03-03 17:18:33.378 Codo[4739:284949] Resetting plugins due to page load.
2015-03-03 17:18:33.753 Codo[4739:284949] Finished load of: file:///Users/xiaoshan/Library/Developer/CoreSimulator/Devices/6E489A7A-847B-4C5D-9A88-636DCBBE42B7/data/Containers/Bundle/Application/C64B846C-D1C4-46D0-926B-62D6C81C0378/Codo.app/www/index.html
2015-03-03 17:41:19.467 Codo[4974:299641] DiskCookieStorage changing policy from 2 to 0, cookie file: file:///Users/xiaoshan/Library/Developer/CoreSimulator/Devices/6E489A7A-847B-4C5D-9A88-636DCBBE42B7/data/Containers/Data/Application/A5492C62-B909-46EF-A05E-5DC558492F73/Library/Cookies/Cookies.binarycookies
2015-03-03 17:41:19.575 Codo[4974:299641] Apache Cordova native platform version 3.8.0 is starting.
2015-03-03 17:41:19.575 Codo[4974:299641] Multi-tasking -> Device: YES, App: YES
2015-03-03 17:41:19.577 Codo[4974:299641] Unlimited access to network resources
2015-03-03 17:41:19.580 Codo[4974:299641] 

Started backup to iCloud! Please be careful.
Your application might be rejected by Apple if you store too much data.
For more information please read "iOS Data Storage Guidelines" at:
https://developer.apple.com/icloud/documentation/data-storage/
To disable web storage backup to iCloud, set the BackupWebStorage preference to "local" in the Cordova config.xml file

2015-03-03 17:41:19.896 Codo[4974:299641] [CDVTimer][splashscreen] 27.792037ms
2015-03-03 17:41:19.901 Codo[4974:299641] [CDVTimer][statusbar] 4.684985ms
2015-03-03 17:41:19.901 Codo[4974:299641] [CDVTimer][TotalPluginStartup] 32.805979ms
2015-03-03 17:41:19.982 Codo[4974:299641] Resetting plugins due to page load.
2015-03-03 17:41:20.177 Codo[4974:299641] Finished load of: file:///Users/xiaoshan/Library/Developer/CoreSimulator/Devices/6E489A7A-847B-4C5D-9A88-636DCBBE42B7/data/Containers/Bundle/Application/22663CF2-5932-4E77-A9F1-C67BE7E74034/Codo.app/www/index.html
2015-03-03 17:41:59.683 Codo[4974:299641] Camera.getPicture: source type 1 not available.
